<?xml version="1.0" encoding="UTF-8" ?>
<testsuite tests="3" failures="1" name="com.azmi.jacob.e2e.test.CucumberRunner" time="25.878" errors="0" skipped="0">
  <properties>
    <property name="java.runtime.name" value="Java(TM) SE Runtime Environment"/>
    <property name="java.vm.version" value="17+35-LTS-2724"/>
    <property name="sun.boot.library.path" value="C:\Program Files\Java\jdk-17\bin"/>
    <property name="maven.multiModuleProjectDirectory" value="C:\Users\Jacob\IdeaProjects\E2ETest"/>
    <property name="java.vm.vendor" value="Oracle Corporation"/>
    <property name="java.vendor.url" value="https://java.oracle.com/"/>
    <property name="guice.disable.misplaced.annotation.check" value="true"/>
    <property name="path.separator" value=";"/>
    <property name="java.vm.name" value="Java HotSpot(TM) 64-Bit Server VM"/>
    <property name="sun.os.patch.level" value=""/>
    <property name="user.script" value=""/>
    <property name="user.country" value="GB"/>
    <property name="sun.java.launcher" value="SUN_STANDARD"/>
    <property name="java.vm.specification.name" value="Java Virtual Machine Specification"/>
    <property name="user.dir" value="C:\Users\Jacob\IdeaProjects\E2ETest"/>
    <property name="java.vm.compressedOopsMode" value="Zero based"/>
    <property name="java.runtime.version" value="17+35-LTS-2724"/>
    <property name="os.arch" value="amd64"/>
    <property name="java.io.tmpdir" value="C:\Users\Jacob\AppData\Local\Temp\"/>
    <property name="line.separator" value="
"/>
    <property name="java.vm.specification.vendor" value="Oracle Corporation"/>
    <property name="user.variant" value=""/>
    <property name="os.name" value="Windows 10"/>
    <property name="classworlds.conf" value="C:\Program Files\apache-maven-3.8.3-bin\apache-maven-3.8.3\bin\m2.conf"/>
    <property name="sun.jnu.encoding" value="Cp1252"/>
    <property name="java.library.path" value="C:\Program Files\Java\jdk-17\bin;C:\WINDOWS\Sun\Java\bin;C:\WINDOWS\system32;C:\WINDOWS;C:\Python310\Scripts\;C:\Python310\;C:\Program Files\Common Files\Oracle\Java\javapath;C:\Program Files (x86)\Embarcadero\Studio\21.0\bin;C:\Users\Public\Documents\Embarcadero\Studio\21.0\Bpl;C:\Program Files (x86)\Embarcadero\Studio\21.0\bin64;C:\Users\Public\Documents\Embarcadero\Studio\21.0\Bpl\Win64;C:\Program Files\Oculus\Support\oculus-runtime;C:\Program Files (x86)\Common Files\Oracle\Java\javapath;C:\WINDOWS\system32;C:\WINDOWS;C:\WINDOWS\System32\Wbem;C:\WINDOWS\System32\WindowsPowerShell\v1.0\;C:\WINDOWS\System32\OpenSSH\;C:\WINDOWS\system32;C:\WINDOWS;C:\WINDOWS\System32\Wbem;C:\WINDOWS\System32\WindowsPowerShell\v1.0\;C:\WINDOWS\System32\OpenSSH\;C:\Program Files\Git\cmd;C:\Program Files\PuTTY\;C:\Program Files\Java\jdk-17\bin;C:\Program Files\apache-maven-3.8.3-bin\apache-maven-3.8.3\bin;C:\Program Files\nodejs\;C:\ProgramData\chocolatey\bin;C:\Program Files\MySQL\MySQL Shell 8.0\bin\;C:\Users\Jacob\AppData\Local\Programs\Python\Python39\Scripts\;C:\Users\Jacob\AppData\Local\Programs\Python\Python39\;C:\Users\Jacob\AppData\Local\Microsoft\WindowsApps;C:\Users\Jacob\AppData\Local\Programs\Microsoft VS Code\bin;C:\Program Files\JetBrains\IntelliJ IDEA Community Edition 2021.2.2\bin;;C:\Program Files\apache-maven-3.8.3-bin\apache-maven-3.8.3\bin;C:\Users\Jacob\AppData\Roaming\npm;."/>
    <property name="maven.conf" value="C:\Program Files\apache-maven-3.8.3-bin\apache-maven-3.8.3/conf"/>
    <property name="jdk.debug" value="release"/>
    <property name="java.class.version" value="61.0"/>
    <property name="java.specification.name" value="Java Platform API Specification"/>
    <property name="sun.management.compiler" value="HotSpot 64-Bit Tiered Compilers"/>
    <property name="os.version" value="10.0"/>
    <property name="library.jansi.path" value="C:\Program Files\apache-maven-3.8.3-bin\apache-maven-3.8.3\lib\jansi-native"/>
    <property name="user.home" value="C:\Users\Jacob"/>
    <property name="user.timezone" value="Europe/London"/>
    <property name="file.encoding" value="Cp1252"/>
    <property name="java.specification.version" value="17"/>
    <property name="user.name" value="Jacob"/>
    <property name="java.class.path" value="C:\Program Files\apache-maven-3.8.3-bin\apache-maven-3.8.3\boot\plexus-classworlds-2.6.0.jar"/>
    <property name="java.vm.specification.version" value="17"/>
    <property name="sun.arch.data.model" value="64"/>
    <property name="sun.java.command" value="org.codehaus.plexus.classworlds.launcher.Launcher test"/>
    <property name="java.home" value="C:\Program Files\Java\jdk-17"/>
    <property name="user.language" value="en"/>
    <property name="java.specification.vendor" value="Oracle Corporation"/>
    <property name="java.vm.info" value="mixed mode, sharing"/>
    <property name="java.version" value="17"/>
    <property name="native.encoding" value="Cp1252"/>
    <property name="java.vendor" value="Oracle Corporation"/>
    <property name="sun.stderr.encoding" value="cp850"/>
    <property name="maven.home" value="C:\Program Files\apache-maven-3.8.3-bin\apache-maven-3.8.3"/>
    <property name="file.separator" value="\"/>
    <property name="java.version.date" value="2021-09-14"/>
    <property name="java.vendor.url.bug" value="https://bugreport.java.com/bugreport/"/>
    <property name="sun.io.unicode.encoding" value="UnicodeLittle"/>
    <property name="sun.cpu.endian" value="little"/>
    <property name="sun.stdout.encoding" value="cp850"/>
    <property name="sun.cpu.isalist" value="amd64"/>
  </properties>
  <testcase classname="Check local file description of vehicle matches information online" name="all content of the input .txt file is read with empty lines removed" time="0.4"/>
  <testcase classname="Check local file description of vehicle matches information online" name="vehicle registration(s) extracted from text file" time="0.029"/>
  <testcase classname="Check local file description of vehicle matches information online" name="vehicle registrations extracted from file and information compared against online description" time="25.449">
    <failure message="Some stored records do not match online records" type="java.lang.AssertionError">java.lang.AssertionError: Some stored records do not match online records
	at org.junit.Assert.fail(Assert.java:89)
	at org.junit.Assert.assertTrue(Assert.java:42)
	at org.junit.Assert.assertFalse(Assert.java:65)
	at com.azmi.jacob.e2e.test.CheckCarDetailsStepdefs.theInformationIsConfirmedAsCorrect(CheckCarDetailsStepdefs.java:207)
	at âœ½.the information is confirmed as correct(file:///C:/Users/Jacob/IdeaProjects/E2ETest/src/test/resources/features/CheckCarDetails.feature:28)
</failure>
    <system-out>
Scenario Outline: vehicle registrations extracted from file and information compared against online description &amp;#27;[90m# src/test/resources/features/CheckCarDetails.feature:32&amp;#27;[0m
  &amp;#27;[32mGiven &amp;#27;[0m&amp;#27;[32mi have file &amp;#27;[0m&amp;#27;[32m&amp;#27;[1m&quot;car_input.txt&quot;&amp;#27;[0m&amp;#27;[32m with UK vehicle registrations in&amp;#27;[0m                                            &amp;#27;[90m# com.azmi.jacob.e2e.test.CheckCarDetailsStepdefs.iHaveFileWithUKVehicleRegistrationsIn(java.lang.String)&amp;#27;[0m
Webpage info: [DN09HRM, BMW, 320D Se, Black, 2009]
Webpage info: [null]
Webpage info: [KT17DLX, Skoda, Superb Sportline Tdi S-A, White, 2017]
Webpage info: [SG18HTN, Volkswagen, Golf Se Navigation Tsi Evo, White, 2018]
  &amp;#27;[32mWhen &amp;#27;[0m&amp;#27;[32mi search a registration at &amp;#27;[0m&amp;#27;[32m&amp;#27;[1m&quot;https://cartaxcheck.co.uk/&quot;&amp;#27;[0m                                                  &amp;#27;[90m# com.azmi.jacob.e2e.test.CheckCarDetailsStepdefs.iSearchARegistrationAt(java.lang.String)&amp;#27;[0m
Scanning file for: DN09HRM
Info retrieved from file: [DN09HRM, BMW, 320D Se, Black, 2009]
Scanning file for: BW57BOW
No info in file
Scanning file for: KT17DLX
Info retrieved from file: [KT17DLX, Skoda, Superb Sportline Tdi S-A, White, 2017]
Scanning file for: SG18HTN
Info retrieved from file: [SG18HTN, Volkswagen, Golf Se Navigation Tsi Evo, White, 2018]
File info: [[DN09HRM, BMW, 320D Se, Black, 2009], [], [KT17DLX, Skoda, Superb Sportline Tdi S-A, White, 2017], [SG18HTN, Volkswagen, Golf Se Navigation Tsi Evo, White, 2018]]
Web info: [[DN09HRM, BMW, 320D Se, Black, 2009], [null], [KT17DLX, Skoda, Superb Sportline Tdi S-A, White, 2017], [SG18HTN, Volkswagen, Golf Se Navigation Tsi Evo, White, 2018]]
  &amp;#27;[32mThen &amp;#27;[0m&amp;#27;[32mthe information is compared against the stored records in &amp;#27;[0m&amp;#27;[32m&amp;#27;[1m&quot;car_output.txt&quot;&amp;#27;[0m                               &amp;#27;[90m# com.azmi.jacob.e2e.test.CheckCarDetailsStepdefs.theInformationIsComparedAgainstTheStoredRecordsIn(java.lang.String)&amp;#27;[0m
Matches: [[DN09HRM, correct match], [BW57BOW, incorrect match], [KT17DLX, correct match], [SG18HTN, correct match]]
  &amp;#27;[31mAnd &amp;#27;[0m&amp;#27;[31mthe information is confirmed as correct&amp;#27;[0m                                                                   &amp;#27;[90m# com.azmi.jacob.e2e.test.CheckCarDetailsStepdefs.theInformationIsConfirmedAsCorrect()&amp;#27;[0m
      &amp;#27;[31mjava.lang.AssertionError: Some stored records do not match online records
	at org.junit.Assert.fail(Assert.java:89)
	at org.junit.Assert.assertTrue(Assert.java:42)
	at org.junit.Assert.assertFalse(Assert.java:65)
	at com.azmi.jacob.e2e.test.CheckCarDetailsStepdefs.theInformationIsConfirmedAsCorrect(CheckCarDetailsStepdefs.java:207)
	at ?.the information is confirmed as correct(file:///C:/Users/Jacob/IdeaProjects/E2ETest/src/test/resources/features/CheckCarDetails.feature:28)
&amp;#27;[0m
</system-out>
    <system-err>SLF4J: Failed to load class &quot;org.slf4j.impl.StaticLoggerBinder&quot;.
SLF4J: Defaulting to no-operation (NOP) logger implementation
SLF4J: See http://www.slf4j.org/codes.html#StaticLoggerBinder for further details.
Starting ChromeDriver 96.0.4664.45 (76e4c1bb2ab4671b8beba3444e61c0f17584b2fc-refs/branch-heads/4664@{#947}) on port 24136
Only local connections are allowed.
Please see https://chromedriver.chromium.org/security-considerations for suggestions on keeping ChromeDriver safe.
ChromeDriver was started successfully.
Dec 17, 2021 12:00:55 PM org.openqa.selenium.remote.ProtocolHandshake createSession
INFO: Detected dialect: W3C
Starting ChromeDriver 96.0.4664.45 (76e4c1bb2ab4671b8beba3444e61c0f17584b2fc-refs/branch-heads/4664@{#947}) on port 33499
Only local connections are allowed.
Please see https://chromedriver.chromium.org/security-considerations for suggestions on keeping ChromeDriver safe.
ChromeDriver was started successfully.
Dec 17, 2021 12:01:01 PM org.openqa.selenium.remote.ProtocolHandshake createSession
INFO: Detected dialect: W3C
Starting ChromeDriver 96.0.4664.45 (76e4c1bb2ab4671b8beba3444e61c0f17584b2fc-refs/branch-heads/4664@{#947}) on port 14045
Only local connections are allowed.
Please see https://chromedriver.chromium.org/security-considerations for suggestions on keeping ChromeDriver safe.
ChromeDriver was started successfully.
Dec 17, 2021 12:01:06 PM org.openqa.selenium.remote.ProtocolHandshake createSession
INFO: Detected dialect: W3C
Starting ChromeDriver 96.0.4664.45 (76e4c1bb2ab4671b8beba3444e61c0f17584b2fc-refs/branch-heads/4664@{#947}) on port 26826
Only local connections are allowed.
Please see https://chromedriver.chromium.org/security-considerations for suggestions on keeping ChromeDriver safe.
ChromeDriver was started successfully.
Dec 17, 2021 12:01:13 PM org.openqa.selenium.remote.ProtocolHandshake createSession
INFO: Detected dialect: W3C
</system-err>
  </testcase>
</testsuite>